<?xml version="1.0" encoding="UTF-8"?>
<!-- Generated by org.testng.reporters.JUnitReportReporter -->
<testsuite hostname="LAPTOP-11273TM0" failures="0" tests="1" name="com.qa.testcases.TestBanking" time="1.089" errors="0" timestamp="2022-10-11T19:18:05 EDT" skipped="0">
  <testcase classname="com.qa.testcases.TestBanking" name="openBankSite" time="1.089"/>
  <system-out/>
</testsuite> <!-- com.qa.testcases.TestBanking -->
